#-----------------------------------------------------------
# Vivado v2019.1 (64-bit)
# SW Build 2552052 on Fri May 24 14:49:42 MDT 2019
# IP Build 2548770 on Fri May 24 18:01:18 MDT 2019
# Start of session at: Sun Apr 27 20:26:20 2025
# Process ID: 2724
# Current directory: C:/Users/plywa/OneDrive/Pulpit/semseter4/Semester project/Git/Sodar/vhdl
# Command line: vivado.exe -gui_launcher_event rodinguilauncherevent39188 C:\Users\plywa\OneDrive\Pulpit\semseter4\Semester project\Git\Sodar\vhdl\sodar_19_cp.xpr
# Log file: C:/Users/plywa/OneDrive/Pulpit/semseter4/Semester project/Git/Sodar/vhdl/vivado.log
# Journal file: C:/Users/plywa/OneDrive/Pulpit/semseter4/Semester project/Git/Sodar/vhdl\vivado.jou
#-----------------------------------------------------------
start_gui
open_project {C:/Users/plywa/OneDrive/Pulpit/semseter4/Semester project/Git/Sodar/vhdl/sodar_19_cp.xpr}
Scanning sources...
Finished scanning sources
INFO: [IP_Flow 19-234] Refreshing IP repositories
INFO: [IP_Flow 19-1700] Loaded user IP repository 'c:/Users/plywa/Digital designe vivado/ip_repo/myip_sodarcp_1.0'.
INFO: [IP_Flow 19-2313] Loaded Vivado IP repository 'C:/Xilinx/Vivado/2019.1/data/ip'.
open_project: Time (s): cpu = 00:00:15 ; elapsed = 00:00:06 . Memory (MB): peak = 1054.199 ; gain = 98.379
launch_sdk -workspace {C:/Users/plywa/OneDrive/Pulpit/semseter4/Semester project/Git/Sodar/vhdl/sodar_19_cp.sdk} -hwspec {C:/Users/plywa/OneDrive/Pulpit/semseter4/Semester project/Git/Sodar/vhdl/sodar_19_cp.sdk/sodar_19_cp_wrapper.hdf}
INFO: [Vivado 12-393] Launching SDK...
INFO: [Vivado 12-417] Running xsdk -workspace C:/Users/plywa/OneDrive/Pulpit/semseter4/Semester project/Git/Sodar/vhdl/sodar_19_cp.sdk -hwspec C:/Users/plywa/OneDrive/Pulpit/semseter4/Semester project/Git/Sodar/vhdl/sodar_19_cp.sdk/sodar_19_cp_wrapper.hdf
INFO: [Vivado 12-3157] SDK launch initiated. Please check console for any further messages.
update_compile_order -fileset sources_1
exit
INFO: [Common 17-206] Exiting Vivado at Sun Apr 27 20:27:18 2025...
