#-----------------------------------------------------------
# Vivado v2019.1 (64-bit)
# SW Build 2552052 on Fri May 24 14:49:42 MDT 2019
# IP Build 2548770 on Fri May 24 18:01:18 MDT 2019
# Start of session at: Sun Apr 27 20:24:47 2025
# Process ID: 41528
# Current directory: C:/Users/plywa/OneDrive/Pulpit/semseter4/Semester project/Git/Sodar/vhdl
# Command line: vivado.exe -gui_launcher_event rodinguilauncherevent32264 C:\Users\plywa\OneDrive\Pulpit\semseter4\Semester project\Git\Sodar\vhdl\sodar_19_cp.xpr
# Log file: C:/Users/plywa/OneDrive/Pulpit/semseter4/Semester project/Git/Sodar/vhdl/vivado.log
# Journal file: C:/Users/plywa/OneDrive/Pulpit/semseter4/Semester project/Git/Sodar/vhdl\vivado.jou
#-----------------------------------------------------------
start_gui
open_project {C:/Users/plywa/OneDrive/Pulpit/semseter4/Semester project/Git/Sodar/vhdl/sodar_19_cp.xpr}
INFO: [Project 1-313] Project file moved from 'C:/Users/plywa/Digital designe vivado/sodar_19_cp' since last save.
WARNING: [Project 1-312] File not found as 'C:/Users/plywa/OneDrive/Pulpit/semseter4/Semester project/Git/OneDrive/Pulpit/semseter4/Semester project/constrains/Zedboard-Mastergsodarninecp.xdc'; using path 'C:/Users/plywa/OneDrive/Pulpit/semseter4/Semester project/constrains/Zedboard-Mastergsodarninecp.xdc' instead.
Scanning sources...
Finished scanning sources
WARNING: [Project 1-312] File not found as 'C:/Users/plywa/OneDrive/Pulpit/semseter4/Semester project/Git/OneDrive/Pulpit/semseter4/Semester project/constrains/Zedboard-Mastergsodarninecp.xdc'; using path 'C:/Users/plywa/OneDrive/Pulpit/semseter4/Semester project/constrains/Zedboard-Mastergsodarninecp.xdc' instead.
WARNING: [Project 1-312] File not found as 'C:/Users/plywa/OneDrive/Pulpit/semseter4/Semester project/Git/OneDrive/Pulpit/semseter4/Semester project/constrains/Zedboard-Mastergsodarninecp.xdc'; using path 'C:/Users/plywa/OneDrive/Pulpit/semseter4/Semester project/constrains/Zedboard-Mastergsodarninecp.xdc' instead.
INFO: [filemgmt 56-1] IP Repository Path: Directory not found as 'C:/Users/plywa/OneDrive/Pulpit/semseter4/Semester project/Git/Sodar/ip_repo/myip_sodarcp_1.0'; using path 'C:/Users/plywa/Digital designe vivado/ip_repo/myip_sodarcp_1.0' instead.
INFO: [filemgmt 56-1] IPUserFilesDir: Directory not found as 'C:/Users/plywa/OneDrive/Pulpit/semseter4/Semester project/Git/Sodar/vhdl/sodar_19_cp.ip_user_files'; using path 'C:/Users/plywa/Digital designe vivado/sodar_19_cp/sodar_19_cp.ip_user_files' instead.
INFO: [IP_Flow 19-234] Refreshing IP repositories
INFO: [IP_Flow 19-1700] Loaded user IP repository 'c:/Users/plywa/Digital designe vivado/ip_repo/myip_sodarcp_1.0'.
INFO: [IP_Flow 19-2313] Loaded Vivado IP repository 'C:/Xilinx/Vivado/2019.1/data/ip'.
open_project: Time (s): cpu = 00:00:15 ; elapsed = 00:00:06 . Memory (MB): peak = 774.109 ; gain = 86.121
file mkdir {C:/Users/plywa/OneDrive/Pulpit/semseter4/Semester project/Git/Sodar/vhdl/sodar_19_cp.sdk}
file copy -force {C:/Users/plywa/OneDrive/Pulpit/semseter4/Semester project/Git/Sodar/vhdl/sodar_19_cp.runs/impl_1/sodar_19_cp_wrapper.sysdef} {C:/Users/plywa/OneDrive/Pulpit/semseter4/Semester project/Git/Sodar/vhdl/sodar_19_cp.sdk/sodar_19_cp_wrapper.hdf}

update_compile_order -fileset sources_1
exit
INFO: [Common 17-206] Exiting Vivado at Sun Apr 27 20:25:35 2025...
