#-----------------------------------------------------------
# Vivado v2019.1 (64-bit)
# SW Build 2552052 on Fri May 24 14:49:42 MDT 2019
# IP Build 2548770 on Fri May 24 18:01:18 MDT 2019
# Start of session at: Sun Apr 27 22:00:04 2025
# Process ID: 9616
# Current directory: C:/Users/plywa/OneDrive/Pulpit/semseter4/Semester project/Git/Sodar/vhdl
# Command line: vivado.exe -gui_launcher_event rodinguilauncherevent42772 C:\Users\plywa\OneDrive\Pulpit\semseter4\Semester project\Git\Sodar\vhdl\sodar_19_cp.xpr
# Log file: C:/Users/plywa/OneDrive/Pulpit/semseter4/Semester project/Git/Sodar/vhdl/vivado.log
# Journal file: C:/Users/plywa/OneDrive/Pulpit/semseter4/Semester project/Git/Sodar/vhdl\vivado.jou
#-----------------------------------------------------------
start_gui
open_project {C:/Users/plywa/OneDrive/Pulpit/semseter4/Semester project/Git/Sodar/vhdl/sodar_19_cp.xpr}
Scanning sources...
Finished scanning sources
INFO: [IP_Flow 19-234] Refreshing IP repositories
INFO: [IP_Flow 19-1700] Loaded user IP repository 'c:/Users/plywa/Digital designe vivado/ip_repo/myip_sodarcp_1.0'.
INFO: [IP_Flow 19-2313] Loaded Vivado IP repository 'C:/Xilinx/Vivado/2019.1/data/ip'.
open_project: Time (s): cpu = 00:00:13 ; elapsed = 00:00:05 . Memory (MB): peak = 746.730 ; gain = 71.438
update_compile_order -fileset sources_1
exit
INFO: [Common 17-206] Exiting Vivado at Sun Apr 27 22:00:49 2025...
