Copyright 1986-2019 Xilinx, Inc. All Rights Reserved.
--------------------------------------------------------------------------------------------
| Tool Version : Vivado v.2019.1 (win64) Build 2552052 Fri May 24 14:49:42 MDT 2019
| Date         : Thu Apr 10 15:54:31 2025
| Host         : Bruno-Komp-MSI running 64-bit major release  (build 9200)
| Command      : report_control_sets -verbose -file sodar19_wrapper_control_sets_placed.rpt
| Design       : sodar19_wrapper
| Device       : xc7z020
--------------------------------------------------------------------------------------------

Control Set Information

Table of Contents
-----------------
1. Summary
2. Histogram
3. Flip-Flop Distribution
4. Detailed Control Set Information

1. Summary
----------

+----------------------------------------------------------+-------+
|                          Status                          | Count |
+----------------------------------------------------------+-------+
| Total control sets                                       |    80 |
|    Minimum number of control sets                        |    80 |
|    Addition due to synthesis replication                 |     0 |
|    Addition due to physical synthesis replication        |     0 |
| Unused register locations in slices containing registers |   114 |
+----------------------------------------------------------+-------+
* Control sets can be merged at opt_design using control_set_merge or merge_equivalent_drivers
** Run report_qor_suggestions for automated merging and remapping suggestions


2. Histogram
------------

+--------------------+-------+
|       Fanout       | Count |
+--------------------+-------+
| Total control sets |    80 |
| >= 0 to < 4        |     1 |
| >= 4 to < 6        |     8 |
| >= 6 to < 8        |     2 |
| >= 8 to < 10       |    17 |
| >= 10 to < 12      |     3 |
| >= 12 to < 14      |     5 |
| >= 14 to < 16      |     2 |
| >= 16              |    42 |
+--------------------+-------+
* Control sets can be remapped at either synth_design or opt_design


3. Flip-Flop Distribution
-------------------------

+--------------+-----------------------+------------------------+-----------------+--------------+
| Clock Enable | Synchronous Set/Reset | Asynchronous Set/Reset | Total Registers | Total Slices |
+--------------+-----------------------+------------------------+-----------------+--------------+
| No           | No                    | No                     |             165 |           70 |
| No           | No                    | Yes                    |               0 |            0 |
| No           | Yes                   | No                     |             815 |          224 |
| Yes          | No                    | No                     |             439 |          117 |
| Yes          | No                    | Yes                    |               0 |            0 |
| Yes          | Yes                   | No                     |             379 |          143 |
+--------------+-----------------------+------------------------+-----------------+--------------+


4. Detailed Control Set Information
-----------------------------------

+------------------------------------------------+---------------------------------------------------------------------------------------------------------------------------------------------------------------+------------------------------------------------------------------------------------------------------------------------------------------------------+------------------+----------------+
|                  Clock Signal                  |                                                                         Enable Signal                                                                         |                                                                   Set/Reset Signal                                                                   | Slice Load Count | Bel Load Count |
+------------------------------------------------+---------------------------------------------------------------------------------------------------------------------------------------------------------------+------------------------------------------------------------------------------------------------------------------------------------------------------+------------------+----------------+
|  sodar19_i/processing_system7_0/inst/FCLK_CLK0 | sodar19_i/ps7_0_axi_periph/s00_couplers/auto_pc/inst/gen_axilite.gen_b2s_conv.axilite_b2s/WR.b_channel_0/bid_fifo_0/bresp_push                                |                                                                                                                                                      |                1 |              2 |
|  sodar19_i/processing_system7_0/inst/FCLK_CLK0 |                                                                                                                                                               | sodar19_i/ps7_0_axi_periph/s00_couplers/auto_pc/inst/gen_axilite.gen_b2s_conv.axilite_b2s/SI_REG/aw.aw_pipe/aresetn_d_reg[0]_0                       |                2 |              4 |
|  sodar19_i/processing_system7_0/inst/FCLK_CLK0 |                                                                                                                                                               | sodar19_i/rst_ps7_0_100M/U0/EXT_LPF/lpf_int                                                                                                          |                2 |              4 |
|  sodar19_i/processing_system7_0/inst/FCLK_CLK0 | sodar19_i/xadc_wiz_0/U0/AXI_XADC_CORE_I/D[6]                                                                                                                  | sodar19_i/xadc_wiz_0/U0/AXI_LITE_IPIF_I/I_SLAVE_ATTACHMENT/reset2ip_reset                                                                            |                1 |              4 |
|  sodar19_i/processing_system7_0/inst/FCLK_CLK0 |                                                                                                                                                               | sodar19_i/ps7_0_axi_periph/s00_couplers/auto_pc/inst/gen_axilite.gen_b2s_conv.axilite_b2s/SI_REG/ar.ar_pipe/aresetn_d_reg[1]_inv_0                   |                2 |              4 |
|  sodar19_i/processing_system7_0/inst/FCLK_CLK0 | sodar19_i/ps7_0_axi_periph/s00_couplers/auto_pc/inst/gen_axilite.gen_b2s_conv.axilite_b2s/RD.r_channel_0/transaction_fifo_0/E[0]                              | sodar19_i/ps7_0_axi_periph/s00_couplers/auto_pc/inst/gen_axilite.gen_b2s_conv.axilite_b2s/areset_d1                                                  |                3 |              5 |
|  sodar19_i/processing_system7_0/inst/FCLK_CLK0 | sodar19_i/ps7_0_axi_periph/s00_couplers/auto_pc/inst/gen_axilite.gen_b2s_conv.axilite_b2s/RD.r_channel_0/transaction_fifo_0/cnt_read[4]_i_1__0_n_0            | sodar19_i/ps7_0_axi_periph/s00_couplers/auto_pc/inst/gen_axilite.gen_b2s_conv.axilite_b2s/areset_d1                                                  |                2 |              5 |
|  sodar19_i/processing_system7_0/inst/FCLK_CLK0 | sodar19_i/ps7_0_axi_periph/s00_couplers/auto_pc/inst/gen_axilite.gen_b2s_conv.axilite_b2s/RD.ar_channel_0/ar_cmd_fsm_0/m_axi_arready_0                        | sodar19_i/ps7_0_axi_periph/s00_couplers/auto_pc/inst/gen_axilite.gen_b2s_conv.axilite_b2s/RD.ar_channel_0/ar_cmd_fsm_0/FSM_sequential_state_reg[1]_0 |                3 |              5 |
|  sodar19_i/processing_system7_0/inst/FCLK_CLK0 | sodar19_i/ps7_0_axi_periph/s00_couplers/auto_pc/inst/gen_axilite.gen_b2s_conv.axilite_b2s/WR.aw_channel_0/aw_cmd_fsm_0/m_valid_i_reg_0                        | sodar19_i/ps7_0_axi_periph/s00_couplers/auto_pc/inst/gen_axilite.gen_b2s_conv.axilite_b2s/WR.aw_channel_0/aw_cmd_fsm_0/m_valid_i_reg                 |                3 |              5 |
|  sodar19_i/processing_system7_0/inst/FCLK_CLK0 | sodar19_i/rst_ps7_0_100M/U0/SEQ/seq_cnt_en                                                                                                                    | sodar19_i/rst_ps7_0_100M/U0/SEQ/SEQ_COUNTER/clear                                                                                                    |                1 |              6 |
|  sodar19_i/processing_system7_0/inst/FCLK_CLK0 |                                                                                                                                                               | sodar19_i/xadc_wiz_0/U0/AXI_LITE_IPIF_I/I_SLAVE_ATTACHMENT/p_2_out                                                                                   |                2 |              7 |
|  sodar19_i/processing_system7_0/inst/FCLK_CLK0 | sodar19_i/myip_sodar19_0/U0/myip_sodar19_v1_0_S00_AXI_inst/p_1_in[15]                                                                                         | sodar19_i/myip_sodar19_0/U0/myip_sodar19_v1_0_S00_AXI_inst/SR[0]                                                                                     |                3 |              8 |
|  sodar19_i/processing_system7_0/inst/FCLK_CLK0 | sodar19_i/myip_sodar19_0/U0/myip_sodar19_v1_0_S00_AXI_inst/slv_reg0[7]_i_1_n_0                                                                                | sodar19_i/myip_sodar19_0/U0/myip_sodar19_v1_0_S00_AXI_inst/SR[0]                                                                                     |                1 |              8 |
|  sodar19_i/processing_system7_0/inst/FCLK_CLK0 | sodar19_i/myip_sodar19_0/U0/myip_sodar19_v1_0_S00_AXI_inst/slv_reg1[7]_i_1_n_0                                                                                | sodar19_i/myip_sodar19_0/U0/myip_sodar19_v1_0_S00_AXI_inst/SR[0]                                                                                     |                1 |              8 |
|  sodar19_i/processing_system7_0/inst/FCLK_CLK0 | sodar19_i/myip_sodar19_0/U0/myip_sodar19_v1_0_S00_AXI_inst/slv_reg2[23]_i_1_n_0                                                                               | sodar19_i/myip_sodar19_0/U0/myip_sodar19_v1_0_S00_AXI_inst/SR[0]                                                                                     |                3 |              8 |
|  sodar19_i/processing_system7_0/inst/FCLK_CLK0 | sodar19_i/myip_sodar19_0/U0/myip_sodar19_v1_0_S00_AXI_inst/slv_reg0[15]_i_1_n_0                                                                               | sodar19_i/myip_sodar19_0/U0/myip_sodar19_v1_0_S00_AXI_inst/SR[0]                                                                                     |                1 |              8 |
|  sodar19_i/processing_system7_0/inst/FCLK_CLK0 | sodar19_i/myip_sodar19_0/U0/myip_sodar19_v1_0_S00_AXI_inst/slv_reg2[31]_i_1_n_0                                                                               | sodar19_i/myip_sodar19_0/U0/myip_sodar19_v1_0_S00_AXI_inst/SR[0]                                                                                     |                1 |              8 |
|  sodar19_i/processing_system7_0/inst/FCLK_CLK0 | sodar19_i/myip_sodar19_0/U0/myip_sodar19_v1_0_S00_AXI_inst/slv_reg1[31]_i_1_n_0                                                                               | sodar19_i/myip_sodar19_0/U0/myip_sodar19_v1_0_S00_AXI_inst/SR[0]                                                                                     |                2 |              8 |
|  sodar19_i/processing_system7_0/inst/FCLK_CLK0 | sodar19_i/ps7_0_axi_periph/s00_couplers/auto_pc/inst/gen_axilite.gen_b2s_conv.axilite_b2s/WR.b_channel_0/mhandshake_r                                         | sodar19_i/ps7_0_axi_periph/s00_couplers/auto_pc/inst/gen_axilite.gen_b2s_conv.axilite_b2s/WR.b_channel_0/bid_fifo_0/SR[0]                            |                3 |              8 |
|  sodar19_i/processing_system7_0/inst/FCLK_CLK0 | sodar19_i/myip_sodar19_0/U0/myip_sodar19_v1_0_S00_AXI_inst/slv_reg1[23]_i_1_n_0                                                                               | sodar19_i/myip_sodar19_0/U0/myip_sodar19_v1_0_S00_AXI_inst/SR[0]                                                                                     |                3 |              8 |
|  sodar19_i/processing_system7_0/inst/FCLK_CLK0 | sodar19_i/myip_sodar19_0/U0/myip_sodar19_v1_0_S00_AXI_inst/p_1_in[31]                                                                                         | sodar19_i/myip_sodar19_0/U0/myip_sodar19_v1_0_S00_AXI_inst/SR[0]                                                                                     |                1 |              8 |
|  sodar19_i/processing_system7_0/inst/FCLK_CLK0 | sodar19_i/myip_sodar19_0/U0/myip_sodar19_v1_0_S00_AXI_inst/p_1_in[23]                                                                                         | sodar19_i/myip_sodar19_0/U0/myip_sodar19_v1_0_S00_AXI_inst/SR[0]                                                                                     |                4 |              8 |
|  sodar19_i/processing_system7_0/inst/FCLK_CLK0 | sodar19_i/myip_sodar19_0/U0/myip_sodar19_v1_0_S00_AXI_inst/slv_reg2[15]_i_1_n_0                                                                               | sodar19_i/myip_sodar19_0/U0/myip_sodar19_v1_0_S00_AXI_inst/SR[0]                                                                                     |                1 |              8 |
|  sodar19_i/processing_system7_0/inst/FCLK_CLK0 | sodar19_i/myip_sodar19_0/U0/myip_sodar19_v1_0_S00_AXI_inst/slv_reg2[7]_i_1_n_0                                                                                | sodar19_i/myip_sodar19_0/U0/myip_sodar19_v1_0_S00_AXI_inst/SR[0]                                                                                     |                2 |              8 |
|  sodar19_i/processing_system7_0/inst/FCLK_CLK0 | sodar19_i/myip_sodar19_0/U0/myip_sodar19_v1_0_S00_AXI_inst/slv_reg0[23]_i_1_n_0                                                                               | sodar19_i/myip_sodar19_0/U0/myip_sodar19_v1_0_S00_AXI_inst/SR[0]                                                                                     |                2 |              8 |
|  sodar19_i/processing_system7_0/inst/FCLK_CLK0 | sodar19_i/myip_sodar19_0/U0/myip_sodar19_v1_0_S00_AXI_inst/p_1_in[7]                                                                                          | sodar19_i/myip_sodar19_0/U0/myip_sodar19_v1_0_S00_AXI_inst/SR[0]                                                                                     |                2 |              8 |
|  sodar19_i/processing_system7_0/inst/FCLK_CLK0 | sodar19_i/myip_sodar19_0/U0/myip_sodar19_v1_0_S00_AXI_inst/slv_reg0[31]_i_1_n_0                                                                               | sodar19_i/myip_sodar19_0/U0/myip_sodar19_v1_0_S00_AXI_inst/SR[0]                                                                                     |                1 |              8 |
|  sodar19_i/processing_system7_0/inst/FCLK_CLK0 | sodar19_i/myip_sodar19_0/U0/myip_sodar19_v1_0_S00_AXI_inst/slv_reg1[15]_i_1_n_0                                                                               | sodar19_i/myip_sodar19_0/U0/myip_sodar19_v1_0_S00_AXI_inst/SR[0]                                                                                     |                2 |              8 |
|  sodar19_i/processing_system7_0/inst/FCLK_CLK0 |                                                                                                                                                               | sodar19_i/myip_sodar19_0/U0/myip_sodar19_v1_0_S00_AXI_inst/SR[0]                                                                                     |                5 |             10 |
|  sodar19_i/processing_system7_0/inst/FCLK_CLK0 |                                                                                                                                                               | sodar19_i/ps7_0_axi_periph/s00_couplers/auto_pc/inst/gen_axilite.gen_b2s_conv.axilite_b2s/areset_d1                                                  |                5 |             10 |
|  sodar19_i/processing_system7_0/inst/FCLK_CLK0 |                                                                                                                                                               | sodar19_i/ps7_0_axi_periph/xbar/inst/gen_sasd.crossbar_sasd_0/addr_arbiter_inst/SR[0]                                                                |                6 |             11 |
|  sodar19_i/processing_system7_0/inst/FCLK_CLK0 | sodar19_i/ps7_0_axi_periph/s00_couplers/auto_pc/inst/gen_axilite.gen_b2s_conv.axilite_b2s/RD.ar_channel_0/ar_cmd_fsm_0/E[0]                                   |                                                                                                                                                      |                5 |             12 |
|  sodar19_i/processing_system7_0/inst/FCLK_CLK0 | sodar19_i/ps7_0_axi_periph/s00_couplers/auto_pc/inst/gen_axilite.gen_b2s_conv.axilite_b2s/RD.ar_channel_0/ar_cmd_fsm_0/sel_first_reg[0]                       |                                                                                                                                                      |                3 |             12 |
|  sodar19_i/processing_system7_0/inst/FCLK_CLK0 | sodar19_i/ps7_0_axi_periph/s00_couplers/auto_pc/inst/gen_axilite.gen_b2s_conv.axilite_b2s/WR.aw_channel_0/cmd_translator_0/incr_cmd_0/axaddr_incr[11]_i_1_n_0 |                                                                                                                                                      |                3 |             12 |
|  sodar19_i/processing_system7_0/inst/FCLK_CLK0 | sodar19_i/ps7_0_axi_periph/s00_couplers/auto_pc/inst/gen_axilite.gen_b2s_conv.axilite_b2s/WR.aw_channel_0/aw_cmd_fsm_0/E[0]                                   |                                                                                                                                                      |                6 |             12 |
|  sodar19_i/processing_system7_0/inst/FCLK_CLK0 | sodar19_i/ps7_0_axi_periph/s00_couplers/auto_pc/inst/gen_axilite.gen_b2s_conv.axilite_b2s/RD.r_channel_0/r_push_r                                             |                                                                                                                                                      |                4 |             13 |
|  sodar19_i/processing_system7_0/inst/FCLK_CLK0 | sodar19_i/ps7_0_axi_periph/s00_couplers/auto_pc/inst/gen_axilite.gen_b2s_conv.axilite_b2s/SI_REG/b.b_pipe/s_ready_i_reg_0                                     |                                                                                                                                                      |                3 |             14 |
|  sodar19_i/processing_system7_0/inst/FCLK_CLK0 | sodar19_i/ps7_0_axi_periph/s00_couplers/auto_pc/inst/gen_axilite.gen_b2s_conv.axilite_b2s/SI_REG/b.b_pipe/p_1_in                                              |                                                                                                                                                      |                2 |             14 |
|  sodar19_i/processing_system7_0/inst/FCLK_CLK0 |                                                                                                                                                               | sodar19_i/xadc_wiz_0/U0/AXI_XADC_CORE_I/do_reg[15]_i_1_n_0                                                                                           |                7 |             16 |
|  sodar19_i/processing_system7_0/inst/FCLK_CLK0 | sodar19_i/ps7_0_axi_periph/s00_couplers/auto_pc/inst/gen_axilite.gen_b2s_conv.axilite_b2s/WR.aw_channel_0/aw_cmd_fsm_0/b_push                                 |                                                                                                                                                      |                3 |             16 |
|  sodar19_i/processing_system7_0/inst/FCLK_CLK0 | sodar19_i/xadc_wiz_0/U0/AXI_LITE_IPIF_I/I_SLAVE_ATTACHMENT/I_DECODER/E[0]                                                                                     | sodar19_i/xadc_wiz_0/U0/AXI_LITE_IPIF_I/I_SLAVE_ATTACHMENT/reset2ip_reset                                                                            |               11 |             17 |
|  sodar19_i/processing_system7_0/inst/FCLK_CLK0 | sodar19_i/xadc_wiz_0/U0/AXI_LITE_IPIF_I/I_SLAVE_ATTACHMENT/s_axi_rresp_i                                                                                      | sodar19_i/xadc_wiz_0/U0/AXI_LITE_IPIF_I/I_SLAVE_ATTACHMENT/SR[0]                                                                                     |                8 |             20 |
|  sodar19_i/processing_system7_0/inst/FCLK_CLK0 | sodar19_i/ps7_0_axi_periph/s00_couplers/auto_pc/inst/gen_axilite.gen_b2s_conv.axilite_b2s/WR.aw_channel_0/aw_cmd_fsm_0/m_valid_i_reg_0                        |                                                                                                                                                      |                8 |             21 |
|  sodar19_i/processing_system7_0/inst/FCLK_CLK0 | sodar19_i/ps7_0_axi_periph/s00_couplers/auto_pc/inst/gen_axilite.gen_b2s_conv.axilite_b2s/RD.ar_channel_0/ar_cmd_fsm_0/m_axi_arready_0                        |                                                                                                                                                      |                9 |             21 |
|  sodar19_i/processing_system7_0/inst/FCLK_CLK0 | sodar19_i/ps7_0_axi_periph/xbar/inst/gen_sasd.crossbar_sasd_0/addr_arbiter_inst/p_0_in1_in                                                                    | sodar19_i/ps7_0_axi_periph/xbar/inst/gen_sasd.crossbar_sasd_0/addr_arbiter_inst/SR[0]                                                                |                8 |             24 |
|  sodar19_i/processing_system7_0/inst/FCLK_CLK0 | sodar19_i/xadc_wiz_0/U0/AXI_LITE_IPIF_I/I_SLAVE_ATTACHMENT/I_DECODER/start                                                                                    | sodar19_i/xadc_wiz_0/U0/AXI_LITE_IPIF_I/I_SLAVE_ATTACHMENT/I_DECODER/cs_ce_clr                                                                       |                9 |             25 |
|  sodar19_i/processing_system7_0/inst/FCLK_CLK0 |                                                                                                                                                               | sodar19_i/xadc_wiz_0/U0/AXI_LITE_IPIF_I/I_SLAVE_ATTACHMENT/SR[0]                                                                                     |                7 |             26 |
|  sodar19_i/processing_system7_0/inst/FCLK_CLK0 | sodar19_i/myip_sodar19_0/U0/reg_phase                                                                                                                         | sodar19_i/myip_sodar19_0/U0/myip_sodar19_v1_0_S00_AXI_inst/SR[0]                                                                                     |               17 |             31 |
|  sodar19_i/processing_system7_0/inst/FCLK_CLK0 |                                                                                                                                                               | sodar19_i/pwm_top_0/U0/gen_pwm[17].pwm_inst/clear                                                                                                    |                8 |             32 |
|  sodar19_i/processing_system7_0/inst/FCLK_CLK0 | sodar19_i/myip_sodar19_0/U0/myip_sodar19_v1_0_S00_AXI_inst/slv_reg_rden                                                                                       | sodar19_i/myip_sodar19_0/U0/myip_sodar19_v1_0_S00_AXI_inst/SR[0]                                                                                     |               10 |             32 |
|  sodar19_i/processing_system7_0/inst/FCLK_CLK0 |                                                                                                                                                               | sodar19_i/pwm_top_0/U0/gen_pwm[9].pwm_inst/clear                                                                                                     |                8 |             32 |
|  sodar19_i/processing_system7_0/inst/FCLK_CLK0 | sodar19_i/myip_sodar19_0/U0/reg_period                                                                                                                        | sodar19_i/myip_sodar19_0/U0/myip_sodar19_v1_0_S00_AXI_inst/SR[0]                                                                                     |               18 |             32 |
|  sodar19_i/processing_system7_0/inst/FCLK_CLK0 | sodar19_i/myip_sodar19_0/U0/reg_duty                                                                                                                          | sodar19_i/myip_sodar19_0/U0/myip_sodar19_v1_0_S00_AXI_inst/SR[0]                                                                                     |               16 |             32 |
|  sodar19_i/processing_system7_0/inst/FCLK_CLK0 |                                                                                                                                                               | sodar19_i/pwm_top_0/U0/gen_pwm[7].pwm_inst/clear                                                                                                     |                8 |             32 |
|  sodar19_i/processing_system7_0/inst/FCLK_CLK0 |                                                                                                                                                               | sodar19_i/pwm_top_0/U0/gen_pwm[6].pwm_inst/clear                                                                                                     |                8 |             32 |
|  sodar19_i/processing_system7_0/inst/FCLK_CLK0 |                                                                                                                                                               | sodar19_i/pwm_top_0/U0/gen_pwm[5].pwm_inst/clear                                                                                                     |                8 |             32 |
|  sodar19_i/processing_system7_0/inst/FCLK_CLK0 |                                                                                                                                                               | sodar19_i/pwm_top_0/U0/gen_pwm[4].pwm_inst/clear                                                                                                     |                8 |             32 |
|  sodar19_i/processing_system7_0/inst/FCLK_CLK0 |                                                                                                                                                               | sodar19_i/pwm_top_0/U0/gen_pwm[3].pwm_inst/clear                                                                                                     |                8 |             32 |
|  sodar19_i/processing_system7_0/inst/FCLK_CLK0 |                                                                                                                                                               | sodar19_i/pwm_top_0/U0/gen_pwm[1].pwm_inst/clear                                                                                                     |                8 |             32 |
|  sodar19_i/processing_system7_0/inst/FCLK_CLK0 |                                                                                                                                                               | sodar19_i/pwm_top_0/U0/gen_pwm[2].pwm_inst/clear                                                                                                     |                8 |             32 |
|  sodar19_i/processing_system7_0/inst/FCLK_CLK0 |                                                                                                                                                               | sodar19_i/pwm_top_0/U0/gen_pwm[15].pwm_inst/clear                                                                                                    |                8 |             32 |
|  sodar19_i/processing_system7_0/inst/FCLK_CLK0 |                                                                                                                                                               | sodar19_i/pwm_top_0/U0/gen_pwm[18].pwm_inst/clear                                                                                                    |                8 |             32 |
|  sodar19_i/processing_system7_0/inst/FCLK_CLK0 |                                                                                                                                                               | sodar19_i/pwm_top_0/U0/gen_pwm[16].pwm_inst/clear                                                                                                    |                8 |             32 |
|  sodar19_i/processing_system7_0/inst/FCLK_CLK0 |                                                                                                                                                               | sodar19_i/pwm_top_0/U0/gen_pwm[8].pwm_inst/clear                                                                                                     |                8 |             32 |
|  sodar19_i/processing_system7_0/inst/FCLK_CLK0 |                                                                                                                                                               | sodar19_i/pwm_top_0/U0/gen_pwm[14].pwm_inst/clear                                                                                                    |                8 |             32 |
|  sodar19_i/processing_system7_0/inst/FCLK_CLK0 |                                                                                                                                                               | sodar19_i/pwm_top_0/U0/gen_pwm[12].pwm_inst/clear                                                                                                    |                8 |             32 |
|  sodar19_i/processing_system7_0/inst/FCLK_CLK0 |                                                                                                                                                               | sodar19_i/pwm_top_0/U0/gen_pwm[11].pwm_inst/clear                                                                                                    |                8 |             32 |
|  sodar19_i/processing_system7_0/inst/FCLK_CLK0 |                                                                                                                                                               | sodar19_i/pwm_top_0/U0/gen_pwm[10].pwm_inst/clear                                                                                                    |                8 |             32 |
|  sodar19_i/processing_system7_0/inst/FCLK_CLK0 |                                                                                                                                                               | sodar19_i/pwm_top_0/U0/gen_pwm[0].pwm_inst/clear                                                                                                     |                8 |             32 |
|  sodar19_i/processing_system7_0/inst/FCLK_CLK0 |                                                                                                                                                               | sodar19_i/pwm_top_0/U0/gen_pwm[13].pwm_inst/clear                                                                                                    |                8 |             32 |
|  sodar19_i/processing_system7_0/inst/FCLK_CLK0 | sodar19_i/ps7_0_axi_periph/s00_couplers/auto_pc/inst/gen_axilite.gen_b2s_conv.axilite_b2s/RD.r_channel_0/rd_data_fifo_0/wr_en0                                |                                                                                                                                                      |                9 |             34 |
|  sodar19_i/processing_system7_0/inst/FCLK_CLK0 | sodar19_i/ps7_0_axi_periph/xbar/inst/gen_sasd.crossbar_sasd_0/addr_arbiter_inst/E[0]                                                                          |                                                                                                                                                      |               16 |             35 |
|  sodar19_i/processing_system7_0/inst/FCLK_CLK0 | sodar19_i/ps7_0_axi_periph/s00_couplers/auto_pc/inst/gen_axilite.gen_b2s_conv.axilite_b2s/SI_REG/r.r_pipe/p_1_in                                              |                                                                                                                                                      |                7 |             47 |
|  sodar19_i/processing_system7_0/inst/FCLK_CLK0 | sodar19_i/ps7_0_axi_periph/s00_couplers/auto_pc/inst/gen_axilite.gen_b2s_conv.axilite_b2s/SI_REG/r.r_pipe/s_ready_i_reg_0                                     |                                                                                                                                                      |                8 |             47 |
|  sodar19_i/processing_system7_0/inst/FCLK_CLK0 | sodar19_i/ps7_0_axi_periph/s00_couplers/auto_pc/inst/gen_axilite.gen_b2s_conv.axilite_b2s/WR.aw_channel_0/aw_cmd_fsm_0/m_valid_i_reg_1[0]                     |                                                                                                                                                      |               12 |             48 |
|  sodar19_i/processing_system7_0/inst/FCLK_CLK0 | sodar19_i/ps7_0_axi_periph/s00_couplers/auto_pc/inst/gen_axilite.gen_b2s_conv.axilite_b2s/SI_REG/ar.ar_pipe/s_ready_i_reg_0                                   |                                                                                                                                                      |               13 |             48 |
|  sodar19_i/processing_system7_0/inst/FCLK_CLK0 | sodar19_i/ps7_0_axi_periph/s00_couplers/auto_pc/inst/gen_axilite.gen_b2s_conv.axilite_b2s/SI_REG/aw.aw_pipe/s_ready_i_reg_0                                   |                                                                                                                                                      |               11 |             48 |
|  sodar19_i/processing_system7_0/inst/FCLK_CLK0 | sodar19_i/ps7_0_axi_periph/s00_couplers/auto_pc/inst/gen_axilite.gen_b2s_conv.axilite_b2s/RD.ar_channel_0/ar_cmd_fsm_0/FSM_sequential_state_reg[1]_1[0]       |                                                                                                                                                      |               11 |             48 |
|  sodar19_i/processing_system7_0/inst/FCLK_CLK0 |                                                                                                                                                               | sodar19_i/xadc_wiz_0/U0/AXI_LITE_IPIF_I/I_SLAVE_ATTACHMENT/reset2ip_reset                                                                            |               34 |            115 |
|  sodar19_i/processing_system7_0/inst/FCLK_CLK0 |                                                                                                                                                               |                                                                                                                                                      |               71 |            166 |
+------------------------------------------------+---------------------------------------------------------------------------------------------------------------------------------------------------------------+------------------------------------------------------------------------------------------------------------------------------------------------------+------------------+----------------+


